[debug] [2024-03-11T19:40:06.559Z] ----------------------------------------------------------------------
[debug] [2024-03-11T19:40:06.565Z] Command:       C:\Program Files\nodejs\node.exe C:\Users\pushp\AppData\Roaming\npm\node_modules\firebase-tools\lib\bin\firebase.js init
[debug] [2024-03-11T19:40:06.565Z] CLI Version:   13.4.1
[debug] [2024-03-11T19:40:06.566Z] Platform:      win32
[debug] [2024-03-11T19:40:06.566Z] Node Version:  v20.10.0
[debug] [2024-03-11T19:40:06.566Z] Time:          Tue Mar 12 2024 01:10:06 GMT+0530 (India Standard Time)
[debug] [2024-03-11T19:40:06.567Z] ----------------------------------------------------------------------
[debug] 
[debug] [2024-03-11T19:40:06.722Z] > command requires scopes: ["email","openid","https://www.googleapis.com/auth/cloudplatformprojects.readonly","https://www.googleapis.com/auth/firebase","https://www.googleapis.com/auth/cloud-platform"]
[debug] [2024-03-11T19:40:06.723Z] > authorizing via signed-in user (np9166230@gmail.com)
[info] 
     ######## #### ########  ######## ########     ###     ######  ########
     ##        ##  ##     ## ##       ##     ##  ##   ##  ##       ##
     ######    ##  ########  ######   ########  #########  ######  ######
     ##        ##  ##    ##  ##       ##     ## ##     ##       ## ##
     ##       #### ##     ## ######## ########  ##     ##  ######  ########

You're about to initialize a Firebase project in this directory:

  D:\Ethan\e-grocery-cart

Before we get started, keep in mind:

  * You are initializing within an existing Firebase project directory

